<?xml version="1.0" encoding="UTF-8"?>
<!-- Generated by org.testng.reporters.JUnitXMLReporter -->
<testsuite ignored="4" hostname="DESKTOP-ULMMDGA" failures="2" tests="27" name="ChromeTest" time="260.012" errors="0" timestamp="2022-11-08T11:31:56 IST">
  <testcase classname="com.sfe.testscripts.SignInPageTest" name="googleSignIn" time="21.6"/>
  <testcase classname="com.sfe.testscripts.SignInPageTest" name="googleSignIn" time="20.775">
    <failure type="java.lang.AssertionError" message="expected [https://stagingsfe.proxtera.app/dashboard] but found [https://stagingsfe.proxtera.app/]">
      <![CDATA[java.lang.AssertionError: expected [https://stagingsfe.proxtera.app/dashboard] but found [https://stagingsfe.proxtera.app/]
at com.sfe.testscripts.SignInPageTest.googleSignIn(SignInPageTest.java:57)
at java.base/java.util.ArrayList.forEach(ArrayList.java:1511)
at java.base/java.util.concurrent.FutureTask.run(FutureTask.java:264)
at java.base/java.util.concurrent.ThreadPoolExecutor.runWorker(ThreadPoolExecutor.java:1136)
at java.base/java.util.concurrent.ThreadPoolExecutor$Worker.run(ThreadPoolExecutor.java:635)
at java.base/java.lang.Thread.run(Thread.java:833)
... Removed 23 stack frames]]>
    </failure>
  </testcase> <!-- googleSignIn -->
  <testcase classname="com.sfe.testscripts.SignUpPageTest" name="googleSingUp" time="18.239"/>
  <testcase classname="com.sfe.testscripts.SignUpPageTest" name="googleSingUp" time="18.457"/>
  <testcase classname="com.sfe.testscripts.SignUpPageTest" name="whatsAppSignUp" time="8.419"/>
  <testcase classname="com.sfe.testscripts.SignUpPageTest" name="whatsAppSignUp" time="8.536"/>
  <testcase classname="com.sfe.testscripts.SignUpPageTest" name="AlreadyAMemberSignin" time="1.642"/>
  <testcase classname="com.sfe.testscripts.SignUpPageTest" name="AlreadyAMemberSignin" time="1.533"/>
  <testcase classname="com.sfe.testscripts.ProfilePageTest" name="editProfilePage" time="49.488">
    <failure type="org.openqa.selenium.NoSuchElementException" message="no such element: Unable to locate element: {&amp;quot;method&amp;quot;:&amp;quot;xpath&amp;quot;,&amp;quot;selector&amp;quot;:&amp;quot;(//button[@class=&amp;quot;MuiButtonBase-root MuiIconButton-root MuiIconButton-sizeMedium MuiAutocomplete-popupIndicator css-uge3vf&amp;quot;])[2]&amp;quot;}
  (Session info: chrome=107.0.5304.88)
For documentation on this error, please visit: https://www.seleniumhq.org/exceptions/no_such_element.html
Build info: version: &amp;apos;3.141.59&amp;apos;, revision: &amp;apos;e82be7d358&amp;apos;, time: &amp;apos;2018-11-14T08:17:03&amp;apos;
System info: host: &amp;apos;DESKTOP-ULMMDGA&amp;apos;, ip: &amp;apos;192.168.137.1&amp;apos;, os.name: &amp;apos;Windows 11&amp;apos;, os.arch: &amp;apos;amd64&amp;apos;, os.version: &amp;apos;10.0&amp;apos;, java.version: &amp;apos;17.0.2&amp;apos;
Driver info: org.openqa.selenium.chrome.ChromeDriver
Capabilities {acceptInsecureCerts: false, browserName: chrome, browserVersion: 107.0.5304.88, chrome: {chromedriverVersion: 107.0.5304.62 (1eec40d3a576..., userDataDir: C:\Users\Dell\AppData\Local...}, goog:chromeOptions: {debuggerAddress: localhost:58998}, javascriptEnabled: true, networkConnectionEnabled: false, pageLoadStrategy: normal, platform: WINDOWS, platformName: WINDOWS, proxy: Proxy(), setWindowRect: true, strictFileInteractability: false, timeouts: {implicit: 0, pageLoad: 300000, script: 30000}, unhandledPromptBehavior: dismiss and notify, webauthn:extension:credBlob: true, webauthn:extension:largeBlob: true, webauthn:virtualAuthenticators: true}
Session ID: 9e25eb01a83d1d7adc75c733dd0d606f
*** Element info: {Using=xpath, value=(//button[@class=&amp;quot;MuiButtonBase-root MuiIconButton-root MuiIconButton-sizeMedium MuiAutocomplete-popupIndicator css-uge3vf&amp;quot;])[2]}">
      <![CDATA[org.openqa.selenium.NoSuchElementException: no such element: Unable to locate element: {"method":"xpath","selector":"(//button[@class="MuiButtonBase-root MuiIconButton-root MuiIconButton-sizeMedium MuiAutocomplete-popupIndicator css-uge3vf"])[2]"}
  (Session info: chrome=107.0.5304.88)
For documentation on this error, please visit: https://www.seleniumhq.org/exceptions/no_such_element.html
Build info: version: '3.141.59', revision: 'e82be7d358', time: '2018-11-14T08:17:03'
System info: host: 'DESKTOP-ULMMDGA', ip: '192.168.137.1', os.name: 'Windows 11', os.arch: 'amd64', os.version: '10.0', java.version: '17.0.2'
Driver info: org.openqa.selenium.chrome.ChromeDriver
Capabilities {acceptInsecureCerts: false, browserName: chrome, browserVersion: 107.0.5304.88, chrome: {chromedriverVersion: 107.0.5304.62 (1eec40d3a576..., userDataDir: C:\Users\Dell\AppData\Local...}, goog:chromeOptions: {debuggerAddress: localhost:58998}, javascriptEnabled: true, networkConnectionEnabled: false, pageLoadStrategy: normal, platform: WINDOWS, platformName: WINDOWS, proxy: Proxy(), setWindowRect: true, strictFileInteractability: false, timeouts: {implicit: 0, pageLoad: 300000, script: 30000}, unhandledPromptBehavior: dismiss and notify, webauthn:extension:credBlob: true, webauthn:extension:largeBlob: true, webauthn:virtualAuthenticators: true}
Session ID: 9e25eb01a83d1d7adc75c733dd0d606f
*** Element info: {Using=xpath, value=(//button[@class="MuiButtonBase-root MuiIconButton-root MuiIconButton-sizeMedium MuiAutocomplete-popupIndicator css-uge3vf"])[2]}
at org.openqa.selenium.remote.http.W3CHttpResponseCodec.createException(W3CHttpResponseCodec.java:187)
at org.openqa.selenium.remote.http.W3CHttpResponseCodec.decode(W3CHttpResponseCodec.java:122)
at org.openqa.selenium.remote.http.W3CHttpResponseCodec.decode(W3CHttpResponseCodec.java:49)
at org.openqa.selenium.remote.HttpCommandExecutor.execute(HttpCommandExecutor.java:158)
at org.openqa.selenium.remote.service.DriverCommandExecutor.execute(DriverCommandExecutor.java:83)
at org.openqa.selenium.remote.RemoteWebDriver.execute(RemoteWebDriver.java:552)
at org.openqa.selenium.remote.RemoteWebDriver.findElement(RemoteWebDriver.java:323)
at org.openqa.selenium.remote.RemoteWebDriver.findElementByXPath(RemoteWebDriver.java:428)
at org.openqa.selenium.By$ByXPath.findElement(By.java:353)
at org.openqa.selenium.remote.RemoteWebDriver.findElement(RemoteWebDriver.java:315)
at org.openqa.selenium.support.pagefactory.DefaultElementLocator.findElement(DefaultElementLocator.java:69)
at org.openqa.selenium.support.pagefactory.internal.LocatingElementHandler.invoke(LocatingElementHandler.java:38)
at jdk.proxy2/jdk.proxy2.$Proxy17.getWrappedElement(Unknown Source)
at org.openqa.selenium.remote.internal.WebElementToJsonConverter.apply(WebElementToJsonConverter.java:50)
at java.base/java.util.stream.ReferencePipeline$3$1.accept(ReferencePipeline.java:197)
at java.base/java.util.Spliterators$ArraySpliterator.forEachRemaining(Spliterators.java:992)
at java.base/java.util.stream.AbstractPipeline.copyInto(AbstractPipeline.java:509)
at java.base/java.util.stream.AbstractPipeline.wrapAndCopyInto(AbstractPipeline.java:499)
at java.base/java.util.stream.ReduceOps$ReduceOp.evaluateSequential(ReduceOps.java:921)
at java.base/java.util.stream.AbstractPipeline.evaluate(AbstractPipeline.java:234)
at java.base/java.util.stream.ReferencePipeline.collect(ReferencePipeline.java:682)
at org.openqa.selenium.remote.RemoteWebDriver.executeScript(RemoteWebDriver.java:484)
at com.sfe.actiondriver.Action.JSClick(Action.java:319)
at com.sfe.pageobjects.ProfilePageObjects.editProfile(ProfilePageObjects.java:131)
at com.sfe.testscripts.ProfilePageTest.editProfilePage(ProfilePageTest.java:42)
at java.base/java.util.ArrayList.forEach(ArrayList.java:1511)
at java.base/java.util.concurrent.FutureTask.run(FutureTask.java:264)
at java.base/java.util.concurrent.ThreadPoolExecutor.runWorker(ThreadPoolExecutor.java:1136)
at java.base/java.util.concurrent.ThreadPoolExecutor$Worker.run(ThreadPoolExecutor.java:635)
at java.base/java.lang.Thread.run(Thread.java:833)
... Removed 23 stack frames]]>
    </failure>
  </testcase> <!-- editProfilePage -->
  <testcase classname="com.sfe.testscripts.ProfilePageTest" name="editProfilePage" time="50.513"/>
  <testcase classname="com.sfe.testscripts.SignInPageTest" name="emailSignIn" time="17.801"/>
  <testcase classname="com.sfe.testscripts.SignInPageTest" name="emailSignIn" time="18.121"/>
  <testcase classname="com.sfe.testscripts.SignUpPageTest" name="emailSingUp" time="8.715"/>
  <testcase classname="com.sfe.testscripts.SignUpPageTest" name="emailSingUp" time="8.61"/>
  <testcase classname="com.sfe.testscripts.SignInPageTest" name="facebookSignIn" time="19.784"/>
  <testcase classname="com.sfe.testscripts.SignInPageTest" name="facebookSignIn" time="20.32"/>
  <testcase classname="com.sfe.testscripts.SignUpPageTest" name="facebookSingUp" time="15.046"/>
  <testcase classname="com.sfe.testscripts.SignUpPageTest" name="facebookSingUp" time="15.126"/>
  <testcase classname="com.sfe.testscripts.SignInPageTest" name="forgotPassword" time="8.608"/>
  <testcase classname="com.sfe.testscripts.SignInPageTest" name="forgotPassword" time="8.922"/>
  <testcase classname="com.sfe.testscripts.SignInPageTest" name="mobileSignIn" time="10.814"/>
  <testcase classname="com.sfe.testscripts.SignInPageTest" name="mobileSignIn" time="10.528"/>
  <testcase classname="com.sfe.testscripts.SignUpPageTest" name="mobileSignUp" time="10.611"/>
  <testcase classname="com.sfe.testscripts.SignUpPageTest" name="mobileSignUp" time="9.515"/>
  <testcase classname="com.sfe.testscripts.SignInPageTest" name="notRegisteredSignUp" time="3.919"/>
  <testcase classname="com.sfe.testscripts.SignInPageTest" name="notRegisteredSignUp" time="3.854"/>
  <testcase classname="com.sfe.testscripts.SignInPageTest" name="whatsAppSignIn" time="9.873"/>
  <testcase classname="com.sfe.base.BaseClass" name="@AfterSuite afterSuite" time="0.0">
    <ignored/>
  </testcase> <!-- @AfterSuite afterSuite -->
  <testcase classname="com.sfe.base.BaseClass" name="@AfterSuite afterSuite" time="0.0">
    <ignored/>
  </testcase> <!-- @AfterSuite afterSuite -->
  <testcase classname="com.sfe.base.BaseClass" name="@BeforeSuite loadConfig" time="0.0">
    <ignored/>
  </testcase> <!-- @BeforeSuite loadConfig -->
  <testcase classname="com.sfe.base.BaseClass" name="@BeforeSuite loadConfig" time="0.0">
    <ignored/>
  </testcase> <!-- @BeforeSuite loadConfig -->
</testsuite> <!-- ChromeTest -->
