<?xml version="1.0" encoding="UTF-8"?>
<!-- Generated by org.testng.reporters.JUnitXMLReporter -->
<testsuite ignored="5" hostname="DESKTOP-ULMMDGA" failures="1" tests="2" name="Smoke(failed)(failed)(failed)" time="44.484" errors="0" timestamp="2022-11-06T21:46:18 IST">
  <testcase classname="com.sfe.testscripts.SignInPageTest" name="emailSignIn" time="18.031"/>
  <testcase classname="com.sfe.testscripts.SignInPageTest" name="facebookSignIn" time="19.397">
    <failure type="java.lang.AssertionError" message="expected [https://www.devsfe.proxtera.app/dashboard/edit-profile] but found [https://www.devsfe.proxtera.app/dashboard]">
      <![CDATA[java.lang.AssertionError: expected [https://www.devsfe.proxtera.app/dashboard/edit-profile] but found [https://www.devsfe.proxtera.app/dashboard]
at com.sfe.testscripts.SignInPageTest.facebookSignIn(SignInPageTest.java:72)
at java.base/java.util.ArrayList.forEach(ArrayList.java:1511)
... Removed 32 stack frames]]>
    </failure>
  </testcase> <!-- facebookSignIn -->
  <testcase classname="com.sfe.testscripts.SignInPageTest" name="forgotPassword" time="0.0">
    <ignored/>
  </testcase> <!-- forgotPassword -->
  <testcase classname="com.sfe.testscripts.SignInPageTest" name="googleSignIn" time="0.0">
    <ignored/>
  </testcase> <!-- googleSignIn -->
  <testcase classname="com.sfe.testscripts.SignInPageTest" name="notRegisteredSignUp" time="0.0">
    <ignored/>
  </testcase> <!-- notRegisteredSignUp -->
  <testcase classname="com.sfe.testscripts.SignInPageTest" name="whatsAppSignIn" time="0.0">
    <ignored/>
  </testcase> <!-- whatsAppSignIn -->
  <testcase classname="com.sfe.testscripts.SignInPageTest" name="mobileSignIn" time="0.0">
    <ignored/>
  </testcase> <!-- mobileSignIn -->
</testsuite> <!-- Smoke(failed)(failed)(failed) -->
