<?xml version="1.0" encoding="UTF-8"?>
<!-- Generated by org.testng.reporters.JUnitReportReporter -->
<testsuite hostname="DESKTOP-ULMMDGA" failures="1" tests="14" name="com.sfe.testscripts.SignInPageTest" time="243.458" errors="0" timestamp="2022-11-08T11:32:02 IST" skipped="0">
  <testcase classname="com.sfe.testscripts.SignInPageTest" name="googleSignIn" time="26.213"/>
  <system-out/>
  <testcase classname="com.sfe.testscripts.SignInPageTest" name="googleSignIn" time="23.704">
    <failure message="expected [https://stagingsfe.proxtera.app/dashboard] but found [https://stagingsfe.proxtera.app/]" type="java.lang.AssertionError">
      <![CDATA[java.lang.AssertionError: expected [https://stagingsfe.proxtera.app/dashboard] but found [https://stagingsfe.proxtera.app/]
at org.testng.Assert.fail(Assert.java:97)
at org.testng.Assert.assertEqualsImpl(Assert.java:136)
at org.testng.Assert.assertEquals(Assert.java:118)
at org.testng.Assert.assertEquals(Assert.java:575)
at org.testng.Assert.assertEquals(Assert.java:585)
at com.sfe.testscripts.SignInPageTest.googleSignIn(SignInPageTest.java:57)
at java.base/jdk.internal.reflect.NativeMethodAccessorImpl.invoke0(Native Method)
at java.base/jdk.internal.reflect.NativeMethodAccessorImpl.invoke(NativeMethodAccessorImpl.java:77)
at java.base/jdk.internal.reflect.DelegatingMethodAccessorImpl.invoke(DelegatingMethodAccessorImpl.java:43)
at java.base/java.lang.reflect.Method.invoke(Method.java:568)
at org.testng.internal.MethodInvocationHelper.invokeMethod(MethodInvocationHelper.java:134)
at org.testng.internal.TestInvoker.invokeMethod(TestInvoker.java:597)
at org.testng.internal.TestInvoker.invokeTestMethod(TestInvoker.java:173)
at org.testng.internal.MethodRunner.runInSequence(MethodRunner.java:46)
at org.testng.internal.TestInvoker$MethodInvocationAgent.invoke(TestInvoker.java:816)
at org.testng.internal.TestInvoker.invokeTestMethods(TestInvoker.java:146)
at org.testng.internal.TestMethodWorker.invokeTestMethods(TestMethodWorker.java:146)
at org.testng.internal.TestMethodWorker.run(TestMethodWorker.java:128)
at java.base/java.util.ArrayList.forEach(ArrayList.java:1511)
at org.testng.TestRunner.privateRun(TestRunner.java:766)
at org.testng.TestRunner.run(TestRunner.java:587)
at org.testng.SuiteRunner.runTest(SuiteRunner.java:384)
at org.testng.SuiteRunner.access$000(SuiteRunner.java:28)
at org.testng.SuiteRunner$SuiteWorker.run(SuiteRunner.java:425)
at org.testng.internal.thread.ThreadUtil.lambda$execute$0(ThreadUtil.java:68)
at java.base/java.util.concurrent.FutureTask.run(FutureTask.java:264)
at java.base/java.util.concurrent.ThreadPoolExecutor.runWorker(ThreadPoolExecutor.java:1136)
at java.base/java.util.concurrent.ThreadPoolExecutor$Worker.run(ThreadPoolExecutor.java:635)
at java.base/java.lang.Thread.run(Thread.java:833)
]]>
    </failure>
  </testcase> <!-- googleSignIn -->
  <system-out/>
  <testcase classname="com.sfe.testscripts.SignInPageTest" name="facebookSignIn" time="22.825"/>
  <system-out/>
  <testcase classname="com.sfe.testscripts.SignInPageTest" name="forgotPassword" time="12.921"/>
  <system-out/>
  <testcase classname="com.sfe.testscripts.SignInPageTest" name="notRegisteredSignUp" time="7.401"/>
  <system-out/>
  <testcase classname="com.sfe.testscripts.SignInPageTest" name="facebookSignIn" time="24.223"/>
  <system-out/>
  <testcase classname="com.sfe.testscripts.SignInPageTest" name="emailSignIn" time="26.485"/>
  <system-out/>
  <testcase classname="com.sfe.testscripts.SignInPageTest" name="emailSignIn" time="21.602"/>
  <system-out/>
  <testcase classname="com.sfe.testscripts.SignInPageTest" name="mobileSignIn" time="18.311"/>
  <system-out/>
  <testcase classname="com.sfe.testscripts.SignInPageTest" name="whatsAppSignIn" time="12.618"/>
  <system-out/>
  <testcase classname="com.sfe.testscripts.SignInPageTest" name="forgotPassword" time="12.144"/>
  <system-out/>
  <testcase classname="com.sfe.testscripts.SignInPageTest" name="mobileSignIn" time="14.083"/>
  <system-out/>
  <testcase classname="com.sfe.testscripts.SignInPageTest" name="notRegisteredSignUp" time="7.880"/>
  <system-out/>
  <testcase classname="com.sfe.testscripts.SignInPageTest" name="whatsAppSignIn" time="13.048"/>
  <system-out/>
</testsuite> <!-- com.sfe.testscripts.SignInPageTest -->
